TN:
SF:src/App.tsx
FN:1,(empty-report)
FNF:1
FNH:0
FNDA:0,(empty-report)
DA:1,0
DA:2,0
DA:3,0
DA:4,0
DA:5,0
DA:6,0
DA:7,0
DA:8,0
DA:9,0
DA:10,0
DA:11,0
DA:12,0
DA:14,0
DA:15,0
DA:16,0
DA:17,0
DA:19,0
DA:20,0
DA:21,0
DA:22,0
DA:23,0
DA:24,0
DA:25,0
DA:26,0
DA:27,0
DA:28,0
DA:29,0
DA:30,0
DA:32,0
LF:29
LH:0
BRDA:1,0,0,0
BRF:1
BRH:0
end_of_record
TN:
SF:src/components/ErrorBoundary.tsx
FN:7,<instance_members_initializer>
FN:9,getDerivedStateFromError
FN:13,componentDidCatch
FN:17,render
FN:23,onClick
FNF:5
FNH:5
FNDA:11,<instance_members_initializer>
FNDA:12,getDerivedStateFromError
FNDA:6,componentDidCatch
FNDA:25,render
FNDA:1,onClick
DA:1,1
DA:6,1
DA:7,1
DA:9,1
DA:10,12
DA:11,12
DA:13,1
DA:14,6
DA:15,6
DA:17,1
DA:18,25
DA:19,12
DA:20,10
DA:21,10
DA:22,10
DA:23,10
DA:25,10
DA:26,10
DA:28,12
DA:29,13
DA:30,25
DA:31,1
LF:22
LH:22
BRDA:7,0,0,11
BRDA:9,1,0,12
BRDA:13,2,0,6
BRDA:17,3,0,25
BRDA:18,4,0,12
BRDA:19,5,0,10
BRDA:28,6,0,13
BRDA:23,7,0,1
BRF:8
BRH:8
end_of_record
TN:
SF:src/components/LoadingStates.tsx
FN:3,Skeleton
FN:7,LoadingSpinner
FN:16,EmptyState
FNF:3
FNH:3
FNDA:3,Skeleton
FNDA:4,LoadingSpinner
FNDA:7,EmptyState
DA:3,1
DA:4,3
DA:5,3
DA:7,1
DA:8,4
DA:9,4
DA:10,4
DA:11,4
DA:12,4
DA:14,4
DA:16,1
DA:17,7
DA:18,7
DA:19,7
DA:20,7
DA:21,7
DA:22,7
DA:23,7
DA:25,7
LF:19
LH:19
BRDA:3,0,0,3
BRDA:7,1,0,4
BRDA:16,2,0,7
BRDA:21,3,0,1
BRDA:22,4,0,1
BRF:5
BRH:5
end_of_record
TN:
SF:src/components/MarkdownRenderer.tsx
FN:3,escapeHtml
FN:7,renderInline
FN:15,renderMarkdown
FN:65,MarkdownRenderer
FNF:4
FNH:4
FNDA:19,escapeHtml
FNDA:15,renderInline
FNDA:15,renderMarkdown
FNDA:15,MarkdownRenderer
DA:1,1
DA:3,19
DA:4,19
DA:5,19
DA:7,15
DA:8,15
DA:9,15
DA:10,15
DA:11,15
DA:12,15
DA:13,15
DA:15,15
DA:16,15
DA:17,15
DA:18,15
DA:19,15
DA:20,15
DA:22,15
DA:23,21
DA:24,4
DA:25,2
DA:26,2
DA:27,2
DA:28,2
DA:29,2
DA:30,2
DA:31,2
DA:32,2
DA:33,4
DA:34,4
DA:35,21
DA:36,2
DA:37,2
DA:38,2
DA:39,21
DA:40,1
DA:41,21
DA:42,1
DA:43,14
DA:44,1
DA:45,13
DA:46,2
DA:47,12
DA:48,2
DA:49,10
DA:50,0
DA:51,8
DA:52,8
DA:53,8
DA:54,21
DA:55,15
DA:56,0
DA:57,0
DA:58,15
DA:59,15
DA:65,1
DA:66,15
DA:67,15
DA:68,15
LF:59
LH:56
BRDA:3,0,0,19
BRDA:7,1,0,15
BRDA:15,2,0,15
BRDA:22,3,0,21
BRDA:23,4,0,4
BRDA:24,5,0,2
BRDA:34,6,0,17
BRDA:35,7,0,2
BRDA:38,8,0,15
BRDA:39,9,0,1
BRDA:41,10,0,14
BRDA:41,11,0,1
BRDA:43,12,0,13
BRDA:43,13,0,1
BRDA:45,14,0,12
BRDA:45,15,0,10
BRDA:45,16,0,2
BRDA:47,17,0,10
BRDA:47,18,0,2
BRDA:49,19,0,8
BRDA:49,20,0,0
BRDA:55,21,0,0
BRDA:65,22,0,15
BRDA:66,23,0,15
BRF:24
BRH:22
end_of_record
TN:
SF:src/components/approval-panels/ApprovalPanel.tsx
FN:11,ApprovalPanel
FN:25,respond
FNF:2
FNH:1
FNDA:3,ApprovalPanel
FNDA:0,respond
DA:1,1
DA:2,1
DA:3,1
DA:11,3
DA:12,3
DA:14,3
DA:15,0
DA:16,0
DA:17,0
DA:18,0
DA:20,0
DA:21,3
DA:23,3
DA:25,3
DA:26,0
DA:27,0
DA:28,0
DA:29,0
DA:30,0
DA:31,0
DA:32,0
DA:33,0
DA:34,0
DA:35,0
DA:36,0
DA:38,3
DA:39,3
DA:40,3
DA:41,3
DA:42,3
DA:43,3
DA:45,0
DA:46,0
DA:47,0
DA:48,0
DA:49,0
DA:50,0
DA:51,0
DA:52,0
DA:53,0
DA:54,0
DA:56,3
DA:57,3
DA:59,3
LF:44
LH:18
BRDA:11,0,0,3
BRDA:43,1,0,0
BRF:2
BRH:1
end_of_record
TN:
SF:src/components/chat/ChatHistory.tsx
FN:14,ChatHistory
FN:23,onClick
FNF:2
FNH:2
FNDA:6,ChatHistory
FNDA:1,onClick
DA:14,1
DA:15,6
DA:17,5
DA:18,5
DA:19,5
DA:20,10
DA:21,10
DA:22,10
DA:23,10
DA:24,10
DA:25,10
DA:27,10
DA:28,10
DA:29,10
DA:30,5
DA:31,5
DA:33,5
LF:17
LH:17
BRDA:14,0,0,6
BRDA:15,1,0,1
BRDA:15,2,0,5
BRDA:19,3,0,10
BRDA:22,4,0,2
BRDA:22,5,0,8
BRDA:23,6,0,1
BRF:7
BRH:7
end_of_record
TN:
SF:src/components/chat/ChatPanel.tsx
FN:11,ChatPanel
FN:62,onClick
FN:70,onSelect
FN:71,onDelete
FN:96,onClose
FNF:5
FNH:2
FNDA:11,ChatPanel
FNDA:1,onClick
FNDA:0,onSelect
FNDA:0,onDelete
FNDA:0,onClose
DA:1,1
DA:2,1
DA:3,1
DA:4,1
DA:5,1
DA:6,1
DA:7,1
DA:8,1
DA:9,1
DA:11,11
DA:12,11
DA:13,11
DA:14,11
DA:15,11
DA:16,11
DA:18,11
DA:19,11
DA:20,11
DA:21,11
DA:22,11
DA:24,11
DA:25,11
DA:27,11
DA:28,11
DA:29,11
DA:31,11
DA:32,0
DA:33,0
DA:34,0
DA:35,11
DA:37,11
DA:38,1
DA:39,1
DA:40,1
DA:41,0
DA:42,1
DA:43,1
DA:44,1
DA:45,11
DA:47,11
DA:48,1
DA:49,1
DA:50,1
DA:51,11
DA:53,11
DA:54,0
DA:55,11
DA:57,11
DA:58,11
DA:59,11
DA:60,11
DA:61,11
DA:62,11
DA:63,11
DA:64,11
DA:65,11
DA:66,11
DA:67,1
DA:68,1
DA:69,1
DA:70,1
DA:71,1
DA:72,1
DA:74,11
DA:75,11
DA:76,11
DA:77,11
DA:78,11
DA:79,11
DA:80,11
DA:81,11
DA:83,0
DA:85,11
DA:86,11
DA:87,11
DA:88,11
DA:89,11
DA:90,11
DA:91,11
DA:92,11
DA:93,0
DA:94,0
DA:95,0
DA:96,0
DA:97,0
DA:99,11
DA:100,11
DA:101,0
DA:102,0
DA:103,0
DA:104,0
DA:105,0
DA:106,0
DA:107,0
DA:108,0
DA:110,0
DA:111,0
DA:112,0
DA:113,0
DA:115,11
DA:116,11
DA:117,11
DA:118,11
DA:119,11
DA:120,11
DA:121,11
DA:122,11
DA:123,11
DA:124,11
DA:126,11
DA:127,11
DA:128,11
DA:130,11
LF:113
LH:90
BRDA:11,0,0,11
BRDA:63,1,0,1
BRDA:63,2,0,10
BRDA:66,3,0,1
BRDA:87,4,0,0
BRDA:92,5,0,0
BRDA:100,6,0,0
BRDA:12,7,0,11
BRDA:13,8,0,11
BRDA:14,9,0,11
BRDA:15,10,0,11
BRDA:16,11,0,11
BRDA:27,12,0,11
BRDA:37,13,0,1
BRDA:40,14,0,0
BRDA:47,15,0,1
BRDA:62,16,0,1
BRDA:75,17,0,11
BRDA:78,18,0,0
BRDA:81,19,0,0
BRF:20
BRH:14
end_of_record
TN:
SF:src/components/chat/ContextWindow.tsx
FN:11,ContextWindow
FNF:1
FNH:1
FNDA:4,ContextWindow
DA:11,1
DA:12,4
DA:14,3
DA:15,3
DA:16,3
DA:17,3
DA:18,4
DA:19,4
DA:20,4
DA:21,3
DA:22,3
DA:24,3
LF:12
LH:12
BRDA:11,0,0,4
BRDA:12,1,0,1
BRDA:12,2,0,3
BRDA:17,3,0,4
BRDA:19,4,0,1
BRDA:19,5,0,3
BRF:6
BRH:6
end_of_record
TN:
SF:src/components/chat/FileAttachment.tsx
FN:15,FileAttachment
FN:19,handleFile
FN:36,onDragOver
FN:37,onDragLeave
FN:38,onDrop
FN:40,onClick
FN:43,onChange
FNF:7
FNH:5
FNDA:8,FileAttachment
FNDA:1,handleFile
FNDA:2,onDragOver
FNDA:1,onDragLeave
FNDA:1,onDrop
FNDA:0,onClick
FNDA:0,onChange
DA:1,1
DA:13,1
DA:15,1
DA:16,8
DA:17,8
DA:19,8
DA:20,1
DA:21,0
DA:22,0
DA:23,0
DA:24,1
DA:25,1
DA:26,0
DA:27,0
DA:28,0
DA:29,1
DA:30,1
DA:31,1
DA:33,8
DA:34,8
DA:35,8
DA:36,8
DA:37,8
DA:38,8
DA:40,8
DA:42,8
DA:43,8
DA:44,8
DA:46,8
LF:29
LH:23
BRDA:15,0,0,8
BRDA:35,1,0,2
BRDA:35,2,0,6
BRDA:19,3,0,1
BRDA:20,4,0,0
BRDA:25,5,0,0
BRDA:25,6,0,0
BRDA:36,7,0,2
BRDA:37,8,0,1
BRDA:38,9,0,1
BRF:10
BRH:7
end_of_record
TN:
SF:src/components/chat/ProactiveAlert.tsx
FN:12,ProactiveAlert
FNF:1
FNH:1
FNDA:3,ProactiveAlert
DA:1,1
DA:2,1
DA:10,1
DA:12,1
DA:13,3
DA:15,3
DA:16,0
DA:17,0
DA:18,0
DA:19,0
DA:20,0
DA:21,0
DA:22,0
DA:23,0
DA:24,3
DA:26,3
DA:28,3
DA:30,0
DA:31,0
DA:32,0
DA:33,0
DA:34,0
DA:35,0
DA:36,0
DA:37,0
DA:38,0
DA:39,0
DA:40,0
DA:41,0
DA:43,0
LF:30
LH:9
BRDA:12,0,0,3
BRDA:28,1,0,0
BRF:2
BRH:1
end_of_record
TN:
SF:src/components/chat/SlashCommands.tsx
FN:18,SlashCommands
FN:25,handler
FN:43,onClick
FNF:3
FNH:3
FNDA:8,SlashCommands
FNDA:2,handler
FNDA:1,onClick
DA:1,1
DA:9,1
DA:10,1
DA:11,1
DA:12,1
DA:13,1
DA:14,1
DA:15,1
DA:16,1
DA:18,1
DA:19,8
DA:20,8
DA:22,8
DA:24,8
DA:25,8
DA:26,2
DA:27,2
DA:28,2
DA:29,2
DA:30,2
DA:31,8
DA:32,8
DA:33,8
DA:35,8
DA:37,7
DA:38,7
DA:39,7
DA:40,37
DA:41,37
DA:42,37
DA:43,37
DA:44,37
DA:45,37
DA:47,37
DA:48,37
DA:49,37
DA:50,7
DA:51,7
DA:53,7
LF:39
LH:39
BRDA:18,0,0,8
BRDA:35,1,0,1
BRDA:35,2,0,7
BRDA:22,3,0,48
BRDA:24,4,0,8
BRDA:25,5,0,2
BRDA:26,6,0,0
BRDA:27,7,0,0
BRDA:28,8,0,1
BRDA:28,9,0,1
BRDA:29,10,0,1
BRDA:32,11,0,8
BRDA:39,12,0,37
BRDA:42,13,0,7
BRDA:42,14,0,30
BRDA:43,15,0,1
BRF:16
BRH:14
end_of_record
TN:
SF:src/components/chat/TypingIndicator.tsx
FN:1,TypingIndicator
FNF:1
FNH:1
FNDA:4,TypingIndicator
DA:1,1
DA:2,4
DA:3,4
DA:4,4
DA:5,4
DA:6,4
DA:7,4
DA:8,4
DA:10,4
LF:9
LH:9
BRDA:1,0,0,4
BRF:1
BRH:1
end_of_record
TN:
SF:src/components/dashboard/AgentCard.tsx
FN:18,AgentCard
FNF:1
FNH:1
FNDA:9,AgentCard
DA:1,1
DA:11,1
DA:12,1
DA:13,1
DA:14,1
DA:15,1
DA:16,1
DA:18,1
DA:19,9
DA:20,9
DA:21,9
DA:22,9
DA:23,9
DA:24,9
DA:25,9
DA:26,9
DA:27,9
DA:28,9
DA:29,9
DA:30,9
DA:31,9
DA:33,9
LF:22
LH:22
BRDA:18,0,0,9
BRDA:19,1,0,0
BRDA:28,2,0,1
BRDA:29,3,0,1
BRF:4
BRH:3
end_of_record
TN:
SF:src/components/dashboard/Dashboard.tsx
FN:19,Dashboard
FNF:1
FNH:1
FNDA:11,Dashboard
DA:1,1
DA:2,1
DA:3,1
DA:4,1
DA:5,1
DA:6,1
DA:8,1
DA:9,1
DA:10,1
DA:11,1
DA:12,1
DA:13,1
DA:14,1
DA:15,1
DA:16,1
DA:17,1
DA:19,11
DA:20,11
DA:22,11
DA:23,7
DA:24,7
DA:25,7
DA:26,11
DA:28,11
DA:29,11
DA:30,11
DA:31,11
DA:32,11
DA:33,11
DA:34,11
DA:35,88
DA:36,11
DA:37,11
DA:38,11
DA:39,11
DA:40,11
DA:41,11
DA:42,11
DA:43,11
DA:44,11
DA:45,11
DA:46,11
DA:47,11
DA:48,11
DA:50,11
LF:45
LH:45
BRDA:19,0,0,11
BRDA:22,1,0,7
BRDA:25,2,0,1
BRDA:34,3,0,88
BRF:4
BRH:4
end_of_record
TN:
SF:src/components/dashboard/EventStream.tsx
FN:10,EventStream
FN:49,onChange
FNF:2
FNH:1
FNDA:5,EventStream
FNDA:0,onChange
DA:1,1
DA:2,1
DA:10,1
DA:11,5
DA:12,5
DA:14,5
DA:15,0
DA:16,0
DA:17,0
DA:18,0
DA:19,0
DA:20,0
DA:21,0
DA:22,0
DA:23,0
DA:24,0
DA:25,0
DA:26,0
DA:27,0
DA:28,0
DA:29,0
DA:30,5
DA:32,5
DA:33,5
DA:34,5
DA:35,5
DA:37,5
DA:38,0
DA:39,5
DA:41,5
DA:42,5
DA:43,5
DA:44,5
DA:45,5
DA:46,5
DA:47,5
DA:48,5
DA:49,5
DA:50,5
DA:51,5
DA:52,5
DA:53,5
DA:54,5
DA:55,5
DA:56,0
DA:57,0
DA:58,0
DA:59,0
DA:60,0
DA:61,5
DA:62,5
DA:63,5
DA:65,5
LF:53
LH:32
BRDA:10,0,0,5
BRDA:37,1,0,0
BRF:2
BRH:1
end_of_record
TN:
SF:src/components/dashboard/SystemMetrics.tsx
FN:10,MetricBar
FN:25,SystemMetrics
FN:29,poll
FNF:3
FNH:3
FNDA:15,MetricBar
FNDA:5,SystemMetrics
FNDA:5,poll
DA:1,1
DA:2,1
DA:10,15
DA:11,15
DA:12,15
DA:13,15
DA:14,15
DA:15,15
DA:16,15
DA:17,15
DA:18,15
DA:19,15
DA:20,15
DA:21,15
DA:23,15
DA:25,1
DA:26,5
DA:28,5
DA:29,5
DA:30,5
DA:31,5
DA:32,4
DA:33,4
DA:34,4
DA:35,4
DA:36,4
DA:37,5
DA:38,5
DA:39,5
DA:40,5
DA:41,5
DA:42,5
DA:44,5
DA:45,5
DA:46,5
DA:47,5
DA:48,5
DA:49,5
DA:50,5
DA:52,5
LF:40
LH:40
BRDA:10,0,0,15
BRDA:16,1,0,5
BRDA:16,2,0,10
BRDA:16,3,0,5
BRDA:16,4,0,5
BRDA:25,5,0,5
BRDA:28,6,0,5
BRDA:29,7,0,5
BRDA:31,8,0,4
BRDA:37,9,0,1
BRDA:32,10,0,4
BRDA:41,11,0,5
BRF:12
BRH:12
end_of_record
TN:
SF:src/components/layout/Header.tsx
FN:7,Header
FNF:1
FNH:1
FNDA:5,Header
DA:7,1
DA:8,5
DA:9,5
DA:10,5
DA:11,5
DA:12,5
DA:13,5
DA:14,5
DA:15,5
DA:17,5
LF:10
LH:10
BRDA:7,0,0,5
BRDA:12,1,0,1
BRF:2
BRH:2
end_of_record
TN:
SF:src/components/layout/MainLayout.tsx
FN:22,MainLayout
FN:32,onTabChange
FN:34,onToggle
FNF:3
FNH:1
FNDA:7,MainLayout
FNDA:0,onTabChange
FNDA:0,onToggle
DA:1,1
DA:2,1
DA:3,1
DA:4,1
DA:8,1
DA:9,1
DA:10,1
DA:11,1
DA:12,1
DA:13,1
DA:14,1
DA:22,1
DA:23,7
DA:25,7
DA:27,7
DA:28,7
DA:29,7
DA:30,7
DA:31,7
DA:32,7
DA:33,7
DA:34,7
DA:35,7
DA:36,7
DA:37,7
DA:38,7
DA:39,7
DA:40,7
DA:41,7
DA:42,7
DA:43,7
DA:45,7
LF:32
LH:32
BRDA:22,0,0,7
BRDA:25,1,0,6
BRDA:25,2,0,1
BRDA:25,3,0,12
BRF:4
BRH:4
end_of_record
TN:
SF:src/components/layout/Sidebar.tsx
FN:18,Sidebar
FN:32,onClick
FNF:2
FNH:2
FNDA:11,Sidebar
FNDA:1,onClick
DA:18,1
DA:19,11
DA:20,11
DA:21,11
DA:22,11
DA:23,11
DA:24,11
DA:25,11
DA:26,11
DA:27,11
DA:28,11
DA:29,22
DA:30,22
DA:31,22
DA:32,22
DA:33,22
DA:35,22
DA:36,22
DA:37,22
DA:38,11
DA:39,11
DA:40,11
DA:41,11
DA:43,11
LF:24
LH:24
BRDA:18,0,0,11
BRDA:20,1,0,4
BRDA:20,2,0,7
BRDA:22,3,0,7
BRDA:23,4,0,4
BRDA:23,5,0,7
BRDA:24,6,0,4
BRDA:24,7,0,7
BRDA:40,8,0,1
BRDA:28,9,0,22
BRDA:31,10,0,11
BRDA:31,11,0,11
BRDA:33,12,0,11
BRDA:33,13,0,11
BRDA:36,14,0,14
BRDA:32,15,0,1
BRF:16
BRH:16
end_of_record
TN:
SF:src/components/layout/StatusBar.tsx
FN:10,StatusBar
FN:14,poll
FNF:2
FNH:2
FNDA:8,StatusBar
FNDA:6,poll
DA:1,1
DA:2,1
DA:10,1
DA:11,8
DA:13,8
DA:14,6
DA:15,6
DA:16,6
DA:17,6
DA:18,6
DA:19,6
DA:20,6
DA:21,6
DA:22,6
DA:23,6
DA:24,8
DA:26,8
DA:27,8
DA:28,8
DA:29,8
DA:30,8
DA:31,8
DA:32,8
DA:33,8
DA:34,8
DA:35,8
DA:37,8
LF:27
LH:27
BRDA:10,0,0,8
BRDA:28,1,0,2
BRDA:28,2,0,6
BRDA:29,3,0,2
BRDA:29,4,0,6
BRDA:13,5,0,6
BRDA:14,6,0,6
BRDA:16,7,0,5
BRDA:17,8,0,2
BRDA:17,9,0,3
BRDA:19,10,0,1
BRDA:23,11,0,6
BRF:12
BRH:12
end_of_record
TN:
SF:src/components/notifications/NotificationCenter.tsx
FN:15,NotificationCenter
FN:40,markRead
FN:44,markAllRead
FN:48,severityVariant
FN:58,onClick
FNF:5
FNH:2
FNDA:8,NotificationCenter
FNDA:0,markRead
FNDA:0,markAllRead
FNDA:0,severityVariant
FNDA:4,onClick
DA:1,1
DA:2,1
DA:3,1
DA:13,1
DA:15,1
DA:16,8
DA:17,8
DA:19,8
DA:20,0
DA:21,0
DA:22,0
DA:23,0
DA:24,0
DA:25,0
DA:26,0
DA:27,0
DA:28,0
DA:29,0
DA:30,0
DA:31,0
DA:32,0
DA:33,8
DA:35,8
DA:36,8
DA:38,8
DA:40,8
DA:41,0
DA:42,0
DA:44,8
DA:45,0
DA:46,0
DA:48,8
DA:49,0
DA:50,0
DA:51,0
DA:52,0
DA:53,0
DA:54,0
DA:56,8
DA:57,8
DA:58,8
DA:59,8
DA:60,8
DA:61,8
DA:62,3
DA:63,3
DA:64,3
DA:65,3
DA:66,3
DA:67,3
DA:68,3
DA:69,3
DA:70,0
DA:71,0
DA:72,0
DA:73,0
DA:74,0
DA:75,3
DA:76,3
DA:77,3
DA:79,8
DA:81,8
LF:62
LH:34
BRDA:15,0,0,8
BRDA:59,1,0,0
BRDA:61,2,0,3
BRDA:65,3,0,0
BRDA:58,4,0,4
BRF:5
BRH:3
end_of_record
TN:
SF:src/components/skills-manager/SkillsManager.tsx
FN:5,SkillsManager
FN:36,goToList
FN:59,onChange
FN:106,onClick
FN:110,onClick
FN:111,onClick
FN:124,onClick
FN:135,onClick
FN:142,onClick
FN:147,onClick
FN:150,onClick
FN:151,onClick
FNF:12
FNH:1
FNDA:8,SkillsManager
FNDA:0,goToList
FNDA:0,onChange
FNDA:0,onClick
FNDA:0,onClick
FNDA:0,onClick
FNDA:0,onClick
FNDA:0,onClick
FNDA:0,onClick
FNDA:0,onClick
FNDA:0,onClick
FNDA:0,onClick
DA:1,1
DA:2,1
DA:5,8
DA:6,8
DA:7,8
DA:8,8
DA:9,8
DA:10,8
DA:11,8
DA:12,8
DA:14,8
DA:15,8
DA:16,8
DA:17,8
DA:18,8
DA:19,8
DA:20,8
DA:21,8
DA:22,8
DA:23,8
DA:25,8
DA:26,3
DA:27,8
DA:29,8
DA:30,3
DA:31,0
DA:32,0
DA:33,0
DA:34,8
DA:36,8
DA:37,0
DA:38,0
DA:39,0
DA:40,0
DA:42,8
DA:43,3
DA:44,3
DA:46,8
DA:47,0
DA:48,0
DA:49,0
DA:50,0
DA:51,0
DA:52,0
DA:53,0
DA:54,0
DA:55,0
DA:56,0
DA:57,0
DA:58,0
DA:59,0
DA:60,0
DA:61,0
DA:63,0
DA:64,0
DA:65,0
DA:66,0
DA:67,0
DA:69,0
DA:71,8
DA:72,0
DA:73,0
DA:74,0
DA:75,0
DA:76,0
DA:77,0
DA:78,0
DA:79,0
DA:80,0
DA:81,0
DA:82,0
DA:83,0
DA:84,0
DA:85,0
DA:86,0
DA:87,0
DA:88,0
DA:90,0
DA:91,0
DA:92,0
DA:93,0
DA:94,0
DA:95,0
DA:97,0
DA:98,0
DA:99,0
DA:100,0
DA:101,0
DA:103,0
DA:104,0
DA:105,0
DA:106,0
DA:108,0
DA:109,0
DA:110,0
DA:111,0
DA:112,0
DA:113,0
DA:114,0
DA:115,0
DA:116,0
DA:118,0
DA:120,5
DA:121,5
DA:122,5
DA:123,5
DA:124,5
DA:126,5
DA:127,5
DA:128,8
DA:129,8
DA:130,8
DA:131,3
DA:133,2
DA:134,2
DA:135,4
DA:136,4
DA:137,4
DA:138,4
DA:139,4
DA:140,4
DA:141,4
DA:142,4
DA:143,4
DA:144,2
DA:145,2
DA:147,4
DA:148,4
DA:149,4
DA:150,4
DA:151,4
DA:152,4
DA:153,4
DA:154,2
DA:155,2
DA:157,8
DA:159,8
LF:137
LH:67
BRDA:5,0,0,8
BRDA:42,1,0,3
BRDA:44,2,0,5
BRDA:46,3,0,0
BRDA:69,4,0,5
BRDA:71,5,0,0
BRDA:71,6,0,0
BRDA:118,7,0,5
BRDA:128,8,0,0
BRDA:129,9,0,0
BRDA:130,10,0,3
BRDA:131,11,0,2
BRDA:6,12,0,29
BRDA:7,13,0,29
BRDA:8,14,0,29
BRDA:9,15,0,29
BRDA:10,16,0,29
BRDA:11,17,0,29
BRDA:12,18,0,29
BRDA:14,19,0,29
BRDA:15,20,0,29
BRDA:16,21,0,29
BRDA:17,22,0,29
BRDA:18,23,0,29
BRDA:19,24,0,29
BRDA:20,25,0,29
BRDA:21,26,0,29
BRDA:22,27,0,29
BRDA:23,28,0,29
BRDA:25,29,0,3
BRDA:29,30,0,3
BRDA:30,31,0,0
BRDA:134,32,0,4
BRDA:143,33,0,2
BRDA:144,34,0,2
BRDA:147,35,0,2
BRDA:147,36,0,2
BRDA:148,37,0,2
BRDA:148,38,0,2
BRF:39
BRH:33
end_of_record
TN:
SF:src/components/ui/Badge.tsx
FN:6,Badge
FNF:1
FNH:1
FNDA:16,Badge
DA:6,1
DA:7,16
DA:8,16
LF:3
LH:3
BRDA:6,0,0,16
BRF:1
BRH:1
end_of_record
TN:
SF:src/components/ui/Button.tsx
FN:8,Button
FNF:1
FNH:1
FNDA:9,Button
DA:8,1
DA:9,9
DA:10,9
DA:11,9
DA:12,9
DA:14,9
LF:6
LH:6
BRDA:8,0,0,9
BRF:1
BRH:1
end_of_record
TN:
SF:src/components/ui/Card.tsx
FN:9,Card
FNF:1
FNH:1
FNDA:5,Card
DA:9,1
DA:10,5
DA:11,5
DA:12,5
DA:13,5
DA:14,5
DA:16,5
LF:7
LH:7
BRDA:9,0,0,5
BRDA:12,1,0,1
BRF:2
BRH:2
end_of_record
TN:
SF:src/components/ui/Input.tsx
FN:7,Input
FNF:1
FNH:1
FNDA:8,Input
DA:7,1
DA:8,8
DA:9,8
DA:10,8
DA:11,8
DA:12,8
DA:14,8
LF:7
LH:7
BRDA:7,0,0,8
BRDA:10,1,0,2
BRF:2
BRH:2
end_of_record
TN:
SF:src/components/ui/Modal.tsx
FN:10,Modal
FN:24,onClick
FNF:2
FNH:2
FNDA:8,Modal
FNDA:2,onClick
DA:1,1
DA:10,1
DA:11,8
DA:12,1
DA:13,8
DA:15,8
DA:16,8
DA:17,8
DA:18,8
DA:20,8
DA:22,7
DA:23,7
DA:24,7
DA:25,7
DA:26,7
DA:27,7
DA:28,7
DA:29,7
DA:30,7
DA:31,7
DA:33,7
LF:21
LH:21
BRDA:10,0,0,8
BRDA:20,1,0,1
BRDA:20,2,0,7
BRDA:11,3,0,1
BRDA:15,4,0,8
BRDA:16,5,0,7
BRDA:17,6,0,8
BRDA:24,7,0,2
BRF:8
BRH:8
end_of_record
TN:
SF:src/components/ui/Toast.tsx
FN:14,toast
FN:19,ToastContainer
FNF:2
FNH:2
FNDA:8,toast
FNDA:14,ToastContainer
DA:1,1
DA:11,1
DA:12,1
DA:14,1
DA:15,8
DA:16,8
DA:17,8
DA:19,1
DA:20,14
DA:22,14
DA:23,8
DA:24,8
DA:25,14
DA:27,14
DA:28,7
DA:29,7
DA:30,14
DA:32,14
DA:33,14
DA:34,14
DA:35,9
DA:36,9
DA:37,9
DA:38,14
DA:39,14
DA:41,14
LF:26
LH:26
BRDA:14,0,0,8
BRDA:16,1,0,8
BRDA:19,2,0,14
BRDA:22,3,0,8
BRDA:23,4,0,8
BRDA:24,5,0,1
BRDA:24,6,0,1
BRDA:24,7,0,1
BRDA:27,8,0,7
BRDA:29,9,0,7
BRDA:34,10,0,9
BRF:11
BRH:11
end_of_record
TN:
SF:src/components/ui/Tooltip.tsx
FN:8,Tooltip
FN:12,onMouseEnter
FN:13,onMouseLeave
FN:14,onFocus
FN:15,onBlur
FNF:5
FNH:5
FNDA:11,Tooltip
FNDA:2,onMouseEnter
FNDA:1,onMouseLeave
FNDA:1,onFocus
FNDA:1,onBlur
DA:1,1
DA:8,1
DA:9,11
DA:10,11
DA:11,11
DA:12,11
DA:13,11
DA:14,11
DA:15,11
DA:16,11
DA:17,11
DA:18,11
DA:20,11
DA:21,11
DA:22,11
DA:24,11
LF:16
LH:16
BRDA:8,0,0,11
BRDA:21,1,0,3
BRDA:12,2,0,2
BRDA:13,3,0,1
BRDA:14,4,0,1
BRDA:15,5,0,1
BRF:6
BRH:6
end_of_record
TN:
SF:src/components/ui/index.ts
FN:1,(empty-report)
FNF:1
FNH:0
FNDA:0,(empty-report)
DA:1,0
DA:2,0
DA:3,0
DA:4,0
DA:5,0
DA:6,0
DA:7,0
LF:7
LH:0
BRDA:1,0,0,0
BRF:1
BRH:0
end_of_record
TN:
SF:src/components/voice/VoiceInterface.tsx
FN:4,VoiceInterface
FN:7,handleToggle
FNF:2
FNH:2
FNDA:6,VoiceInterface
FNDA:1,handleToggle
DA:1,1
DA:2,1
DA:4,6
DA:5,6
DA:7,6
DA:8,1
DA:9,0
DA:10,1
DA:11,1
DA:12,1
DA:13,1
DA:15,6
DA:16,6
DA:18,6
DA:19,3
DA:20,3
DA:21,3
DA:22,3
DA:23,3
DA:27,6
DA:28,6
DA:29,6
DA:30,6
DA:32,6
DA:33,1
DA:35,5
DA:36,5
DA:37,5
DA:39,6
DA:42,6
DA:43,1
DA:44,1
DA:45,1
DA:47,6
DA:49,6
LF:35
LH:34
BRDA:4,0,0,6
BRDA:16,1,0,3
BRDA:16,2,0,3
BRDA:18,3,0,3
BRDA:28,4,0,3
BRDA:28,5,0,3
BRDA:28,6,0,1
BRDA:28,7,0,5
BRDA:30,8,0,3
BRDA:30,9,0,3
BRDA:32,10,0,1
BRDA:33,11,0,5
BRDA:42,12,0,1
BRDA:7,13,0,1
BRDA:8,14,0,0
BRF:15
BRH:14
end_of_record
TN:
SF:src/hooks/useKeyboard.ts
FN:5,useKeyboard
FNF:1
FNH:1
FNDA:6,useKeyboard
DA:1,1
DA:5,1
DA:6,6
DA:7,6
DA:8,5
DA:9,6
DA:11,6
DA:12,2
DA:13,2
DA:14,2
DA:16,6
DA:17,1
DA:18,1
DA:19,1
DA:21,6
DA:22,1
DA:23,1
DA:24,1
DA:25,1
DA:26,1
DA:27,1
DA:28,6
DA:30,6
DA:31,6
DA:32,6
DA:33,6
DA:34,6
LF:27
LH:27
BRDA:5,0,0,6
BRDA:6,1,0,6
BRDA:7,2,0,1
BRDA:7,3,0,5
BRDA:9,4,0,4
BRDA:9,5,0,4
BRDA:11,6,0,2
BRDA:11,7,0,2
BRDA:14,8,0,3
BRDA:16,9,0,2
BRDA:16,10,0,1
BRDA:16,11,0,1
BRDA:19,12,0,2
BRDA:21,13,0,1
BRDA:21,14,0,1
BRDA:30,15,0,6
BRDA:32,16,0,6
BRF:17
BRH:17
end_of_record
TN:
SF:src/hooks/useTauriEvent.ts
FN:5,isTauri
FN:7,useTauriEvent
FNF:2
FNH:2
FNDA:36,isTauri
FNDA:44,useTauriEvent
DA:1,1
DA:5,1
DA:7,1
DA:8,44
DA:9,44
DA:11,44
DA:12,36
DA:13,0
DA:15,0
DA:16,0
DA:17,0
DA:18,0
DA:19,0
DA:20,0
DA:22,0
DA:23,0
DA:24,0
DA:25,44
DA:26,44
LF:19
LH:9
BRDA:5,0,0,36
BRDA:7,1,0,44
BRDA:11,2,0,36
BRDA:12,3,0,0
BRDA:15,4,0,0
BRF:5
BRH:3
end_of_record
TN:
SF:src/hooks/useTheme.ts
FN:5,useTheme
FNF:1
FNH:1
FNDA:10,useTheme
DA:1,1
DA:5,1
DA:6,10
DA:7,7
DA:8,7
DA:9,7
DA:10,10
DA:12,10
DA:13,10
DA:14,10
DA:15,10
DA:17,10
DA:18,3
DA:19,10
DA:21,10
DA:22,10
LF:16
LH:16
BRDA:5,0,0,10
BRDA:6,1,0,7
BRDA:8,2,0,2
BRDA:8,3,0,5
BRDA:9,4,0,0
BRDA:9,5,0,5
BRDA:12,6,0,10
BRDA:17,7,0,3
BRDA:18,8,0,3
BRDA:18,9,0,2
BRDA:18,10,0,1
BRF:11
BRH:10
end_of_record
TN:
SF:src/lib/animations.ts
FN:1,(empty-report)
FNF:1
FNH:0
FNDA:0,(empty-report)
DA:1,0
DA:2,0
DA:3,0
DA:5,0
DA:6,0
DA:7,0
DA:8,0
DA:9,0
DA:10,0
DA:11,0
DA:12,0
DA:14,0
DA:15,0
DA:16,0
DA:17,0
DA:18,0
DA:20,0
DA:21,0
DA:22,0
DA:23,0
DA:24,0
DA:25,0
DA:26,0
DA:27,0
DA:28,0
LF:25
LH:0
BRDA:1,0,0,0
BRF:1
BRH:0
end_of_record
TN:
SF:src/lib/tauri.ts
FN:1,(empty-report)
FNF:1
FNH:0
FNDA:0,(empty-report)
DA:1,0
DA:2,0
DA:3,0
DA:4,0
DA:5,0
DA:7,0
DA:9,0
DA:10,0
DA:11,0
DA:12,0
DA:13,0
DA:14,0
DA:15,0
DA:16,0
DA:17,0
DA:18,0
DA:19,0
DA:20,0
DA:21,0
DA:22,0
DA:23,0
DA:24,0
DA:25,0
DA:26,0
DA:27,0
DA:28,0
LF:26
LH:0
BRDA:1,0,0,0
BRF:1
BRH:0
end_of_record
TN:
SF:src/pages/Settings.tsx
FN:1,(empty-report)
FNF:1
FNH:0
FNDA:0,(empty-report)
DA:1,0
DA:2,0
DA:3,0
DA:4,0
DA:8,0
DA:9,0
DA:10,0
DA:11,0
DA:12,0
DA:13,0
DA:14,0
DA:15,0
DA:17,0
DA:18,0
DA:20,0
DA:21,0
DA:22,0
DA:23,0
DA:24,0
DA:25,0
DA:26,0
DA:27,0
DA:28,0
DA:29,0
DA:30,0
DA:32,0
DA:33,0
DA:34,0
DA:35,0
DA:36,0
DA:37,0
DA:38,0
DA:39,0
DA:40,0
DA:41,0
DA:42,0
DA:44,0
DA:45,0
DA:46,0
DA:47,0
DA:48,0
DA:49,0
DA:50,0
DA:52,0
DA:53,0
DA:54,0
DA:55,0
DA:56,0
DA:57,0
DA:59,0
DA:60,0
DA:61,0
DA:62,0
DA:63,0
DA:65,0
DA:66,0
DA:67,0
DA:68,0
DA:69,0
DA:70,0
DA:72,0
DA:73,0
DA:74,0
DA:75,0
DA:76,0
DA:78,0
DA:79,0
DA:81,0
LF:68
LH:0
BRDA:1,0,0,0
BRF:1
BRH:0
end_of_record
TN:
SF:src/stores/chatStore.ts
FN:24,send
FN:48,setInput
FNF:2
FNH:2
FNDA:3,send
FNDA:4,setInput
DA:1,1
DA:2,1
DA:17,1
DA:18,1
DA:19,1
DA:20,1
DA:21,1
DA:22,1
DA:24,1
DA:25,3
DA:26,3
DA:28,2
DA:29,2
DA:30,2
DA:31,2
DA:32,2
DA:34,2
DA:35,2
DA:36,1
DA:37,1
DA:38,1
DA:39,1
DA:40,1
DA:41,1
DA:42,1
DA:43,1
DA:44,1
DA:45,1
DA:46,3
DA:48,1
DA:49,1
LF:31
LH:31
BRDA:17,0,0,1
BRDA:24,1,0,3
BRDA:26,2,0,2
BRDA:26,3,0,1
BRDA:26,4,0,2
BRDA:35,5,0,1
BRDA:28,6,0,2
BRDA:36,7,0,1
BRDA:41,8,0,1
BRDA:48,9,0,4
BRF:10
BRH:10
end_of_record
TN:
SF:src/stores/skillStore.ts
FN:55,loadSkills
FN:65,toggleSkill
FN:75,deleteSkill
FN:89,runSkill
FN:98,addSkill
FN:110,setPanel
FN:111,setSelected
FN:112,setMdContent
FN:113,clearResult
FN:114,clearError
FNF:10
FNH:7
FNDA:6,loadSkills
FNDA:1,toggleSkill
FNDA:0,deleteSkill
FNDA:0,runSkill
FNDA:0,addSkill
FNDA:1,setPanel
FNDA:1,setSelected
FNDA:1,setMdContent
FNDA:1,clearResult
FNDA:1,clearError
DA:1,1
DA:2,1
DA:46,1
DA:47,2
DA:48,2
DA:49,2
DA:50,2
DA:51,2
DA:52,2
DA:53,2
DA:55,2
DA:56,6
DA:57,6
DA:58,6
DA:59,4
DA:60,6
DA:61,1
DA:62,1
DA:63,6
DA:65,2
DA:66,1
DA:67,1
DA:68,1
DA:69,1
DA:70,1
DA:71,0
DA:72,0
DA:73,1
DA:75,2
DA:76,0
DA:77,0
DA:78,0
DA:79,0
DA:80,0
DA:81,0
DA:82,0
DA:83,0
DA:84,0
DA:85,0
DA:86,0
DA:87,0
DA:89,2
DA:90,0
DA:91,0
DA:92,0
DA:93,0
DA:94,0
DA:95,0
DA:96,0
DA:98,2
DA:99,0
DA:100,0
DA:101,0
DA:102,0
DA:103,0
DA:104,0
DA:105,0
DA:106,0
DA:107,0
DA:108,0
DA:110,2
DA:111,2
DA:112,2
DA:113,2
DA:114,2
DA:115,1
LF:66
LH:35
BRDA:46,0,0,2
BRDA:55,1,0,6
BRDA:58,2,0,4
BRDA:60,3,0,1
BRDA:65,4,0,1
BRDA:70,5,0,0
BRDA:110,6,0,1
BRDA:111,7,0,1
BRDA:112,8,0,1
BRDA:113,9,0,1
BRDA:114,10,0,1
BRF:11
BRH:10
end_of_record
TN:
SF:src/stores/voiceStore.ts
FN:19,startListening
FN:29,stopListening
FN:40,synthesizeSpeech
FN:49,setTranscript
FNF:4
FNH:4
FNDA:2,startListening
FNDA:2,stopListening
FNDA:3,synthesizeSpeech
FNDA:1,setTranscript
DA:1,1
DA:2,1
DA:14,1
DA:15,1
DA:16,1
DA:17,1
DA:19,1
DA:20,2
DA:21,2
DA:22,2
DA:23,1
DA:24,1
DA:25,1
DA:26,1
DA:27,2
DA:29,1
DA:30,2
DA:31,2
DA:32,2
DA:33,1
DA:34,1
DA:35,1
DA:36,1
DA:37,1
DA:38,2
DA:40,1
DA:41,3
DA:42,2
DA:43,2
DA:44,1
DA:45,1
DA:46,1
DA:47,3
DA:49,1
DA:50,1
LF:35
LH:35
BRDA:14,0,0,1
BRDA:19,1,0,2
BRDA:22,2,0,1
BRDA:29,3,0,2
BRDA:32,4,0,1
BRDA:40,5,0,3
BRDA:41,6,0,1
BRDA:41,7,0,2
BRDA:43,8,0,1
BRDA:49,9,0,1
BRF:10
BRH:10
end_of_record
TN:
SF:src/theme/tokens.ts
FN:1,(empty-report)
FNF:1
FNH:0
FNDA:0,(empty-report)
DA:1,0
DA:2,0
DA:3,0
DA:4,0
DA:5,0
DA:6,0
DA:7,0
DA:8,0
DA:9,0
DA:10,0
DA:11,0
DA:12,0
DA:13,0
DA:14,0
LF:14
LH:0
BRDA:1,0,0,0
BRF:1
BRH:0
end_of_record
